This file contains any messages produced by compilers while
running configure, to aid debugging if configure makes a mistake.

It was created by CLM configure 4, which was
generated by GNU Autoconf 2.69.  Invocation command line was

  $ ./configure --quiet

## --------- ##
## Platform. ##
## --------- ##

hostname = Racoon
uname -m = x86_64
uname -r = 11.4.0
uname -s = Darwin
uname -v = Darwin Kernel Version 11.4.0: Mon Apr  9 19:32:15 PDT 2012; root:xnu-1699.26.8~1/RELEASE_X86_64

/usr/bin/uname -p = i386
/bin/uname -X     = unknown

/bin/arch              = unknown
/usr/bin/arch -k       = unknown
/usr/convex/getsysinfo = unknown
/usr/bin/hostinfo      = Mach kernel version:
	 Darwin Kernel Version 11.4.0: Mon Apr  9 19:32:15 PDT 2012; root:xnu-1699.26.8~1/RELEASE_X86_64
Kernel configured for up to 2 processors.
2 processors are physically available.
2 processors are logically available.
Processor type: i486 (Intel 80486)
Processors active: 0 1
Primary memory available: 8.00 gigabytes
Default processor set: 137 tasks, 737 threads, 2 processors
Load average: 1.88, Mach factor: 0.71
/bin/machine           = unknown
/usr/bin/oslevel       = unknown
/bin/universe          = unknown

PATH: /Users/jerometruong/.rvm/gems/ruby-1.9.3-p194/bin
PATH: /Users/jerometruong/.rvm/gems/ruby-1.9.3-p194@global/bin
PATH: /Users/jerometruong/.rvm/rubies/ruby-1.9.3-p194/bin
PATH: /Users/jerometruong/.rvm/bin
PATH: /usr/local/bin
PATH: /usr/local/mysql/bin
PATH: /usr/bin
PATH: /bin
PATH: /usr/sbin
PATH: /sbin
PATH: /usr/X11/bin


## ----------- ##
## Core tests. ##
## ----------- ##

configure:2534: checking build system type
configure:2548: result: x86_64-apple-darwin11.4.0
configure:2568: checking host system type
configure:2581: result: x86_64-apple-darwin11.4.0
configure:2652: checking for gcc
configure:2668: found /usr/bin/gcc
configure:2679: result: gcc
configure:2908: checking for C compiler version
configure:2917: gcc --version >&5
i686-apple-darwin11-llvm-gcc-4.2 (GCC) 4.2.1 (Based on Apple Inc. build 5658) (LLVM build 2336.9.00)
Copyright (C) 2007 Free Software Foundation, Inc.
This is free software; see the source for copying conditions.  There is NO
warranty; not even for MERCHANTABILITY or FITNESS FOR A PARTICULAR PURPOSE.

configure:2928: $? = 0
configure:2917: gcc -v >&5
Using built-in specs.
Target: i686-apple-darwin11
Configured with: /private/var/tmp/llvmgcc42/llvmgcc42-2336.9~22/src/configure --disable-checking --enable-werror --prefix=/Applications/Xcode.app/Contents/Developer/usr/llvm-gcc-4.2 --mandir=/share/man --enable-languages=c,objc,c++,obj-c++ --program-prefix=llvm- --program-transform-name=/^[cg][^.-]*$/s/$/-4.2/ --with-slibdir=/usr/lib --build=i686-apple-darwin11 --enable-llvm=/private/var/tmp/llvmgcc42/llvmgcc42-2336.9~22/dst-llvmCore/Developer/usr/local --program-prefix=i686-apple-darwin11- --host=x86_64-apple-darwin11 --target=i686-apple-darwin11 --with-gxx-include-dir=/usr/include/c++/4.2.1
Thread model: posix
gcc version 4.2.1 (Based on Apple Inc. build 5658) (LLVM build 2336.9.00)
configure:2928: $? = 0
configure:2917: gcc -V >&5
llvm-gcc-4.2: argument to `-V' is missing
configure:2928: $? = 1
configure:2917: gcc -qversion >&5
i686-apple-darwin11-llvm-gcc-4.2: no input files
configure:2928: $? = 1
configure:2948: checking whether the C compiler works
configure:2970: gcc    conftest.c  >&5
configure:2974: $? = 0
configure:3022: result: yes
configure:3025: checking for C compiler default output file name
configure:3027: result: a.out
configure:3033: checking for suffix of executables
configure:3040: gcc -o conftest    conftest.c  >&5
configure:3044: $? = 0
configure:3066: result: 
configure:3088: checking whether we are cross compiling
configure:3096: gcc -o conftest    conftest.c  >&5
configure:3100: $? = 0
configure:3107: ./conftest
configure:3111: $? = 0
configure:3126: result: no
configure:3131: checking for suffix of object files
configure:3153: gcc -c   conftest.c >&5
configure:3157: $? = 0
configure:3178: result: o
configure:3182: checking whether we are using the GNU C compiler
configure:3201: gcc -c   conftest.c >&5
configure:3201: $? = 0
configure:3210: result: yes
configure:3219: checking whether gcc accepts -g
configure:3239: gcc -c -g  conftest.c >&5
configure:3239: $? = 0
configure:3280: result: yes
configure:3297: checking for gcc option to accept ISO C89
configure:3360: gcc  -c -g -O2  conftest.c >&5
configure:3360: $? = 0
configure:3373: result: none needed
configure:3399: checking how to run the C preprocessor
configure:3430: gcc -E  conftest.c
configure:3430: $? = 0
configure:3444: gcc -E  conftest.c
conftest.c:9:28: error: ac_nonexistent.h: No such file or directory
configure:3444: $? = 1
configure: failed program was:
| /* confdefs.h */
| #define PACKAGE_NAME "CLM"
| #define PACKAGE_TARNAME "clm"
| #define PACKAGE_VERSION "4"
| #define PACKAGE_STRING "CLM 4"
| #define PACKAGE_BUGREPORT "bil@ccrma.stanford.edu"
| #define PACKAGE_URL ""
| /* end confdefs.h.  */
| #include <ac_nonexistent.h>
configure:3469: result: gcc -E
configure:3489: gcc -E  conftest.c
configure:3489: $? = 0
configure:3503: gcc -E  conftest.c
conftest.c:9:28: error: ac_nonexistent.h: No such file or directory
configure:3503: $? = 1
configure: failed program was:
| /* confdefs.h */
| #define PACKAGE_NAME "CLM"
| #define PACKAGE_TARNAME "clm"
| #define PACKAGE_VERSION "4"
| #define PACKAGE_STRING "CLM 4"
| #define PACKAGE_BUGREPORT "bil@ccrma.stanford.edu"
| #define PACKAGE_URL ""
| /* end confdefs.h.  */
| #include <ac_nonexistent.h>
configure:3532: checking for grep that handles long lines and -e
configure:3590: result: /usr/local/bin/grep
configure:3595: checking for egrep
configure:3657: result: /usr/local/bin/grep -E
configure:3662: checking for ANSI C header files
configure:3682: gcc -c -g -O2  conftest.c >&5
configure:3682: $? = 0
configure:3755: gcc -o conftest -g -O2   conftest.c  >&5
configure:3755: $? = 0
configure:3755: ./conftest
configure:3755: $? = 0
configure:3766: result: yes
configure:3845: checking for a BSD-compatible install
configure:3913: result: /usr/bin/install -c
configure:3925: checking for main in -lm
configure:3944: gcc -o conftest -g -O2   conftest.c -lm   >&5
configure:3944: $? = 0
configure:3953: result: yes
configure:3964: checking for main in -lc
configure:3983: gcc -o conftest -g -O2   conftest.c -lc  -lm  >&5
configure:3983: $? = 0
configure:3992: result: yes
configure:4003: checking for main in -ldl
configure:4022: gcc -o conftest -g -O2   conftest.c -ldl  -lc -lm  >&5
configure:4022: $? = 0
configure:4031: result: yes
configure:4049: checking for sys/types.h
configure:4049: gcc -c -g -O2  conftest.c >&5
configure:4049: $? = 0
configure:4049: result: yes
configure:4049: checking for sys/stat.h
configure:4049: gcc -c -g -O2  conftest.c >&5
configure:4049: $? = 0
configure:4049: result: yes
configure:4049: checking for stdlib.h
configure:4049: gcc -c -g -O2  conftest.c >&5
configure:4049: $? = 0
configure:4049: result: yes
configure:4049: checking for string.h
configure:4049: gcc -c -g -O2  conftest.c >&5
configure:4049: $? = 0
configure:4049: result: yes
configure:4049: checking for memory.h
configure:4049: gcc -c -g -O2  conftest.c >&5
configure:4049: $? = 0
configure:4049: result: yes
configure:4049: checking for strings.h
configure:4049: gcc -c -g -O2  conftest.c >&5
configure:4049: $? = 0
configure:4049: result: yes
configure:4049: checking for inttypes.h
configure:4049: gcc -c -g -O2  conftest.c >&5
configure:4049: $? = 0
configure:4049: result: yes
configure:4049: checking for stdint.h
configure:4049: gcc -c -g -O2  conftest.c >&5
configure:4049: $? = 0
configure:4049: result: yes
configure:4049: checking for unistd.h
configure:4049: gcc -c -g -O2  conftest.c >&5
configure:4049: $? = 0
configure:4049: result: yes
configure:4064: checking fcntl.h usability
configure:4064: gcc -c -g -O2  conftest.c >&5
configure:4064: $? = 0
configure:4064: result: yes
configure:4064: checking fcntl.h presence
configure:4064: gcc -E  conftest.c
configure:4064: $? = 0
configure:4064: result: yes
configure:4064: checking for fcntl.h
configure:4064: result: yes
configure:4064: checking limits.h usability
configure:4064: gcc -c -g -O2  conftest.c >&5
configure:4064: $? = 0
configure:4064: result: yes
configure:4064: checking limits.h presence
configure:4064: gcc -E  conftest.c
configure:4064: $? = 0
configure:4064: result: yes
configure:4064: checking for limits.h
configure:4064: result: yes
configure:4064: checking for unistd.h
configure:4064: result: yes
configure:4064: checking for string.h
configure:4064: result: yes
configure:4064: checking sys/soundcard.h usability
configure:4064: gcc -c -g -O2  conftest.c >&5
conftest.c:59:27: error: sys/soundcard.h: No such file or directory
configure:4064: $? = 1
configure: failed program was:
| /* confdefs.h */
| #define PACKAGE_NAME "CLM"
| #define PACKAGE_TARNAME "clm"
| #define PACKAGE_VERSION "4"
| #define PACKAGE_STRING "CLM 4"
| #define PACKAGE_BUGREPORT "bil@ccrma.stanford.edu"
| #define PACKAGE_URL ""
| #define STDC_HEADERS 1
| #define HAVE_LIBM 1
| #define HAVE_LIBC 1
| #define HAVE_LIBDL 1
| #define HAVE_SYS_TYPES_H 1
| #define HAVE_SYS_STAT_H 1
| #define HAVE_STDLIB_H 1
| #define HAVE_STRING_H 1
| #define HAVE_MEMORY_H 1
| #define HAVE_STRINGS_H 1
| #define HAVE_INTTYPES_H 1
| #define HAVE_STDINT_H 1
| #define HAVE_UNISTD_H 1
| #define HAVE_FCNTL_H 1
| #define HAVE_LIMITS_H 1
| #define HAVE_UNISTD_H 1
| #define HAVE_STRING_H 1
| /* end confdefs.h.  */
| #include <stdio.h>
| #ifdef HAVE_SYS_TYPES_H
| # include <sys/types.h>
| #endif
| #ifdef HAVE_SYS_STAT_H
| # include <sys/stat.h>
| #endif
| #ifdef STDC_HEADERS
| # include <stdlib.h>
| # include <stddef.h>
| #else
| # ifdef HAVE_STDLIB_H
| #  include <stdlib.h>
| # endif
| #endif
| #ifdef HAVE_STRING_H
| # if !defined STDC_HEADERS && defined HAVE_MEMORY_H
| #  include <memory.h>
| # endif
| # include <string.h>
| #endif
| #ifdef HAVE_STRINGS_H
| # include <strings.h>
| #endif
| #ifdef HAVE_INTTYPES_H
| # include <inttypes.h>
| #endif
| #ifdef HAVE_STDINT_H
| # include <stdint.h>
| #endif
| #ifdef HAVE_UNISTD_H
| # include <unistd.h>
| #endif
| #include <sys/soundcard.h>
configure:4064: result: no
configure:4064: checking sys/soundcard.h presence
configure:4064: gcc -E  conftest.c
conftest.c:26:27: error: sys/soundcard.h: No such file or directory
configure:4064: $? = 1
configure: failed program was:
| /* confdefs.h */
| #define PACKAGE_NAME "CLM"
| #define PACKAGE_TARNAME "clm"
| #define PACKAGE_VERSION "4"
| #define PACKAGE_STRING "CLM 4"
| #define PACKAGE_BUGREPORT "bil@ccrma.stanford.edu"
| #define PACKAGE_URL ""
| #define STDC_HEADERS 1
| #define HAVE_LIBM 1
| #define HAVE_LIBC 1
| #define HAVE_LIBDL 1
| #define HAVE_SYS_TYPES_H 1
| #define HAVE_SYS_STAT_H 1
| #define HAVE_STDLIB_H 1
| #define HAVE_STRING_H 1
| #define HAVE_MEMORY_H 1
| #define HAVE_STRINGS_H 1
| #define HAVE_INTTYPES_H 1
| #define HAVE_STDINT_H 1
| #define HAVE_UNISTD_H 1
| #define HAVE_FCNTL_H 1
| #define HAVE_LIMITS_H 1
| #define HAVE_UNISTD_H 1
| #define HAVE_STRING_H 1
| /* end confdefs.h.  */
| #include <sys/soundcard.h>
configure:4064: result: no
configure:4064: checking for sys/soundcard.h
configure:4064: result: no
configure:4064: checking machine/soundcard.h usability
configure:4064: gcc -c -g -O2  conftest.c >&5
conftest.c:59:31: error: machine/soundcard.h: No such file or directory
configure:4064: $? = 1
configure: failed program was:
| /* confdefs.h */
| #define PACKAGE_NAME "CLM"
| #define PACKAGE_TARNAME "clm"
| #define PACKAGE_VERSION "4"
| #define PACKAGE_STRING "CLM 4"
| #define PACKAGE_BUGREPORT "bil@ccrma.stanford.edu"
| #define PACKAGE_URL ""
| #define STDC_HEADERS 1
| #define HAVE_LIBM 1
| #define HAVE_LIBC 1
| #define HAVE_LIBDL 1
| #define HAVE_SYS_TYPES_H 1
| #define HAVE_SYS_STAT_H 1
| #define HAVE_STDLIB_H 1
| #define HAVE_STRING_H 1
| #define HAVE_MEMORY_H 1
| #define HAVE_STRINGS_H 1
| #define HAVE_INTTYPES_H 1
| #define HAVE_STDINT_H 1
| #define HAVE_UNISTD_H 1
| #define HAVE_FCNTL_H 1
| #define HAVE_LIMITS_H 1
| #define HAVE_UNISTD_H 1
| #define HAVE_STRING_H 1
| /* end confdefs.h.  */
| #include <stdio.h>
| #ifdef HAVE_SYS_TYPES_H
| # include <sys/types.h>
| #endif
| #ifdef HAVE_SYS_STAT_H
| # include <sys/stat.h>
| #endif
| #ifdef STDC_HEADERS
| # include <stdlib.h>
| # include <stddef.h>
| #else
| # ifdef HAVE_STDLIB_H
| #  include <stdlib.h>
| # endif
| #endif
| #ifdef HAVE_STRING_H
| # if !defined STDC_HEADERS && defined HAVE_MEMORY_H
| #  include <memory.h>
| # endif
| # include <string.h>
| #endif
| #ifdef HAVE_STRINGS_H
| # include <strings.h>
| #endif
| #ifdef HAVE_INTTYPES_H
| # include <inttypes.h>
| #endif
| #ifdef HAVE_STDINT_H
| # include <stdint.h>
| #endif
| #ifdef HAVE_UNISTD_H
| # include <unistd.h>
| #endif
| #include <machine/soundcard.h>
configure:4064: result: no
configure:4064: checking machine/soundcard.h presence
configure:4064: gcc -E  conftest.c
conftest.c:26:31: error: machine/soundcard.h: No such file or directory
configure:4064: $? = 1
configure: failed program was:
| /* confdefs.h */
| #define PACKAGE_NAME "CLM"
| #define PACKAGE_TARNAME "clm"
| #define PACKAGE_VERSION "4"
| #define PACKAGE_STRING "CLM 4"
| #define PACKAGE_BUGREPORT "bil@ccrma.stanford.edu"
| #define PACKAGE_URL ""
| #define STDC_HEADERS 1
| #define HAVE_LIBM 1
| #define HAVE_LIBC 1
| #define HAVE_LIBDL 1
| #define HAVE_SYS_TYPES_H 1
| #define HAVE_SYS_STAT_H 1
| #define HAVE_STDLIB_H 1
| #define HAVE_STRING_H 1
| #define HAVE_MEMORY_H 1
| #define HAVE_STRINGS_H 1
| #define HAVE_INTTYPES_H 1
| #define HAVE_STDINT_H 1
| #define HAVE_UNISTD_H 1
| #define HAVE_FCNTL_H 1
| #define HAVE_LIMITS_H 1
| #define HAVE_UNISTD_H 1
| #define HAVE_STRING_H 1
| /* end confdefs.h.  */
| #include <machine/soundcard.h>
configure:4064: result: no
configure:4064: checking for machine/soundcard.h
configure:4064: result: no
configure:4064: checking sys/mixer.h usability
configure:4064: gcc -c -g -O2  conftest.c >&5
conftest.c:59:23: error: sys/mixer.h: No such file or directory
configure:4064: $? = 1
configure: failed program was:
| /* confdefs.h */
| #define PACKAGE_NAME "CLM"
| #define PACKAGE_TARNAME "clm"
| #define PACKAGE_VERSION "4"
| #define PACKAGE_STRING "CLM 4"
| #define PACKAGE_BUGREPORT "bil@ccrma.stanford.edu"
| #define PACKAGE_URL ""
| #define STDC_HEADERS 1
| #define HAVE_LIBM 1
| #define HAVE_LIBC 1
| #define HAVE_LIBDL 1
| #define HAVE_SYS_TYPES_H 1
| #define HAVE_SYS_STAT_H 1
| #define HAVE_STDLIB_H 1
| #define HAVE_STRING_H 1
| #define HAVE_MEMORY_H 1
| #define HAVE_STRINGS_H 1
| #define HAVE_INTTYPES_H 1
| #define HAVE_STDINT_H 1
| #define HAVE_UNISTD_H 1
| #define HAVE_FCNTL_H 1
| #define HAVE_LIMITS_H 1
| #define HAVE_UNISTD_H 1
| #define HAVE_STRING_H 1
| /* end confdefs.h.  */
| #include <stdio.h>
| #ifdef HAVE_SYS_TYPES_H
| # include <sys/types.h>
| #endif
| #ifdef HAVE_SYS_STAT_H
| # include <sys/stat.h>
| #endif
| #ifdef STDC_HEADERS
| # include <stdlib.h>
| # include <stddef.h>
| #else
| # ifdef HAVE_STDLIB_H
| #  include <stdlib.h>
| # endif
| #endif
| #ifdef HAVE_STRING_H
| # if !defined STDC_HEADERS && defined HAVE_MEMORY_H
| #  include <memory.h>
| # endif
| # include <string.h>
| #endif
| #ifdef HAVE_STRINGS_H
| # include <strings.h>
| #endif
| #ifdef HAVE_INTTYPES_H
| # include <inttypes.h>
| #endif
| #ifdef HAVE_STDINT_H
| # include <stdint.h>
| #endif
| #ifdef HAVE_UNISTD_H
| # include <unistd.h>
| #endif
| #include <sys/mixer.h>
configure:4064: result: no
configure:4064: checking sys/mixer.h presence
configure:4064: gcc -E  conftest.c
conftest.c:26:23: error: sys/mixer.h: No such file or directory
configure:4064: $? = 1
configure: failed program was:
| /* confdefs.h */
| #define PACKAGE_NAME "CLM"
| #define PACKAGE_TARNAME "clm"
| #define PACKAGE_VERSION "4"
| #define PACKAGE_STRING "CLM 4"
| #define PACKAGE_BUGREPORT "bil@ccrma.stanford.edu"
| #define PACKAGE_URL ""
| #define STDC_HEADERS 1
| #define HAVE_LIBM 1
| #define HAVE_LIBC 1
| #define HAVE_LIBDL 1
| #define HAVE_SYS_TYPES_H 1
| #define HAVE_SYS_STAT_H 1
| #define HAVE_STDLIB_H 1
| #define HAVE_STRING_H 1
| #define HAVE_MEMORY_H 1
| #define HAVE_STRINGS_H 1
| #define HAVE_INTTYPES_H 1
| #define HAVE_STDINT_H 1
| #define HAVE_UNISTD_H 1
| #define HAVE_FCNTL_H 1
| #define HAVE_LIMITS_H 1
| #define HAVE_UNISTD_H 1
| #define HAVE_STRING_H 1
| /* end confdefs.h.  */
| #include <sys/mixer.h>
configure:4064: result: no
configure:4064: checking for sys/mixer.h
configure:4064: result: no
configure:4064: checking byteswap.h usability
configure:4064: gcc -c -g -O2  conftest.c >&5
conftest.c:59:22: error: byteswap.h: No such file or directory
configure:4064: $? = 1
configure: failed program was:
| /* confdefs.h */
| #define PACKAGE_NAME "CLM"
| #define PACKAGE_TARNAME "clm"
| #define PACKAGE_VERSION "4"
| #define PACKAGE_STRING "CLM 4"
| #define PACKAGE_BUGREPORT "bil@ccrma.stanford.edu"
| #define PACKAGE_URL ""
| #define STDC_HEADERS 1
| #define HAVE_LIBM 1
| #define HAVE_LIBC 1
| #define HAVE_LIBDL 1
| #define HAVE_SYS_TYPES_H 1
| #define HAVE_SYS_STAT_H 1
| #define HAVE_STDLIB_H 1
| #define HAVE_STRING_H 1
| #define HAVE_MEMORY_H 1
| #define HAVE_STRINGS_H 1
| #define HAVE_INTTYPES_H 1
| #define HAVE_STDINT_H 1
| #define HAVE_UNISTD_H 1
| #define HAVE_FCNTL_H 1
| #define HAVE_LIMITS_H 1
| #define HAVE_UNISTD_H 1
| #define HAVE_STRING_H 1
| /* end confdefs.h.  */
| #include <stdio.h>
| #ifdef HAVE_SYS_TYPES_H
| # include <sys/types.h>
| #endif
| #ifdef HAVE_SYS_STAT_H
| # include <sys/stat.h>
| #endif
| #ifdef STDC_HEADERS
| # include <stdlib.h>
| # include <stddef.h>
| #else
| # ifdef HAVE_STDLIB_H
| #  include <stdlib.h>
| # endif
| #endif
| #ifdef HAVE_STRING_H
| # if !defined STDC_HEADERS && defined HAVE_MEMORY_H
| #  include <memory.h>
| # endif
| # include <string.h>
| #endif
| #ifdef HAVE_STRINGS_H
| # include <strings.h>
| #endif
| #ifdef HAVE_INTTYPES_H
| # include <inttypes.h>
| #endif
| #ifdef HAVE_STDINT_H
| # include <stdint.h>
| #endif
| #ifdef HAVE_UNISTD_H
| # include <unistd.h>
| #endif
| #include <byteswap.h>
configure:4064: result: no
configure:4064: checking byteswap.h presence
configure:4064: gcc -E  conftest.c
conftest.c:26:22: error: byteswap.h: No such file or directory
configure:4064: $? = 1
configure: failed program was:
| /* confdefs.h */
| #define PACKAGE_NAME "CLM"
| #define PACKAGE_TARNAME "clm"
| #define PACKAGE_VERSION "4"
| #define PACKAGE_STRING "CLM 4"
| #define PACKAGE_BUGREPORT "bil@ccrma.stanford.edu"
| #define PACKAGE_URL ""
| #define STDC_HEADERS 1
| #define HAVE_LIBM 1
| #define HAVE_LIBC 1
| #define HAVE_LIBDL 1
| #define HAVE_SYS_TYPES_H 1
| #define HAVE_SYS_STAT_H 1
| #define HAVE_STDLIB_H 1
| #define HAVE_STRING_H 1
| #define HAVE_MEMORY_H 1
| #define HAVE_STRINGS_H 1
| #define HAVE_INTTYPES_H 1
| #define HAVE_STDINT_H 1
| #define HAVE_UNISTD_H 1
| #define HAVE_FCNTL_H 1
| #define HAVE_LIMITS_H 1
| #define HAVE_UNISTD_H 1
| #define HAVE_STRING_H 1
| /* end confdefs.h.  */
| #include <byteswap.h>
configure:4064: result: no
configure:4064: checking for byteswap.h
configure:4064: result: no
configure:4064: checking stdbool.h usability
configure:4064: gcc -c -g -O2  conftest.c >&5
configure:4064: $? = 0
configure:4064: result: yes
configure:4064: checking stdbool.h presence
configure:4064: gcc -E  conftest.c
configure:4064: $? = 0
configure:4064: result: yes
configure:4064: checking for stdbool.h
configure:4064: result: yes
configure:4064: checking libc.h usability
configure:4064: gcc -c -g -O2  conftest.c >&5
configure:4064: $? = 0
configure:4064: result: yes
configure:4064: checking libc.h presence
configure:4064: gcc -E  conftest.c
configure:4064: $? = 0
configure:4064: result: yes
configure:4064: checking for libc.h
configure:4064: result: yes
configure:4064: checking pthread.h usability
configure:4064: gcc -c -g -O2  conftest.c >&5
configure:4064: $? = 0
configure:4064: result: yes
configure:4064: checking pthread.h presence
configure:4064: gcc -E  conftest.c
configure:4064: $? = 0
configure:4064: result: yes
configure:4064: checking for pthread.h
configure:4064: result: yes
configure:4075: checking /usr/local/lib/oss/include/sys/soundcard.h usability
configure:4075: gcc -c -g -O2  conftest.c >&5
conftest.c:62:54: error: /usr/local/lib/oss/include/sys/soundcard.h: No such file or directory
configure:4075: $? = 1
configure: failed program was:
| /* confdefs.h */
| #define PACKAGE_NAME "CLM"
| #define PACKAGE_TARNAME "clm"
| #define PACKAGE_VERSION "4"
| #define PACKAGE_STRING "CLM 4"
| #define PACKAGE_BUGREPORT "bil@ccrma.stanford.edu"
| #define PACKAGE_URL ""
| #define STDC_HEADERS 1
| #define HAVE_LIBM 1
| #define HAVE_LIBC 1
| #define HAVE_LIBDL 1
| #define HAVE_SYS_TYPES_H 1
| #define HAVE_SYS_STAT_H 1
| #define HAVE_STDLIB_H 1
| #define HAVE_STRING_H 1
| #define HAVE_MEMORY_H 1
| #define HAVE_STRINGS_H 1
| #define HAVE_INTTYPES_H 1
| #define HAVE_STDINT_H 1
| #define HAVE_UNISTD_H 1
| #define HAVE_FCNTL_H 1
| #define HAVE_LIMITS_H 1
| #define HAVE_UNISTD_H 1
| #define HAVE_STRING_H 1
| #define HAVE_STDBOOL_H 1
| #define HAVE_LIBC_H 1
| #define HAVE_PTHREAD_H 1
| /* end confdefs.h.  */
| #include <stdio.h>
| #ifdef HAVE_SYS_TYPES_H
| # include <sys/types.h>
| #endif
| #ifdef HAVE_SYS_STAT_H
| # include <sys/stat.h>
| #endif
| #ifdef STDC_HEADERS
| # include <stdlib.h>
| # include <stddef.h>
| #else
| # ifdef HAVE_STDLIB_H
| #  include <stdlib.h>
| # endif
| #endif
| #ifdef HAVE_STRING_H
| # if !defined STDC_HEADERS && defined HAVE_MEMORY_H
| #  include <memory.h>
| # endif
| # include <string.h>
| #endif
| #ifdef HAVE_STRINGS_H
| # include <strings.h>
| #endif
| #ifdef HAVE_INTTYPES_H
| # include <inttypes.h>
| #endif
| #ifdef HAVE_STDINT_H
| # include <stdint.h>
| #endif
| #ifdef HAVE_UNISTD_H
| # include <unistd.h>
| #endif
| #include </usr/local/lib/oss/include/sys/soundcard.h>
configure:4075: result: no
configure:4075: checking /usr/local/lib/oss/include/sys/soundcard.h presence
configure:4075: gcc -E  conftest.c
conftest.c:29:54: error: /usr/local/lib/oss/include/sys/soundcard.h: No such file or directory
configure:4075: $? = 1
configure: failed program was:
| /* confdefs.h */
| #define PACKAGE_NAME "CLM"
| #define PACKAGE_TARNAME "clm"
| #define PACKAGE_VERSION "4"
| #define PACKAGE_STRING "CLM 4"
| #define PACKAGE_BUGREPORT "bil@ccrma.stanford.edu"
| #define PACKAGE_URL ""
| #define STDC_HEADERS 1
| #define HAVE_LIBM 1
| #define HAVE_LIBC 1
| #define HAVE_LIBDL 1
| #define HAVE_SYS_TYPES_H 1
| #define HAVE_SYS_STAT_H 1
| #define HAVE_STDLIB_H 1
| #define HAVE_STRING_H 1
| #define HAVE_MEMORY_H 1
| #define HAVE_STRINGS_H 1
| #define HAVE_INTTYPES_H 1
| #define HAVE_STDINT_H 1
| #define HAVE_UNISTD_H 1
| #define HAVE_FCNTL_H 1
| #define HAVE_LIMITS_H 1
| #define HAVE_UNISTD_H 1
| #define HAVE_STRING_H 1
| #define HAVE_STDBOOL_H 1
| #define HAVE_LIBC_H 1
| #define HAVE_PTHREAD_H 1
| /* end confdefs.h.  */
| #include </usr/local/lib/oss/include/sys/soundcard.h>
configure:4075: result: no
configure:4075: checking for /usr/local/lib/oss/include/sys/soundcard.h
configure:4075: result: no
configure:4082: checking /usr/lib/oss/include/sys/soundcard.h usability
configure:4082: gcc -c -g -O2  conftest.c >&5
conftest.c:62:48: error: /usr/lib/oss/include/sys/soundcard.h: No such file or directory
configure:4082: $? = 1
configure: failed program was:
| /* confdefs.h */
| #define PACKAGE_NAME "CLM"
| #define PACKAGE_TARNAME "clm"
| #define PACKAGE_VERSION "4"
| #define PACKAGE_STRING "CLM 4"
| #define PACKAGE_BUGREPORT "bil@ccrma.stanford.edu"
| #define PACKAGE_URL ""
| #define STDC_HEADERS 1
| #define HAVE_LIBM 1
| #define HAVE_LIBC 1
| #define HAVE_LIBDL 1
| #define HAVE_SYS_TYPES_H 1
| #define HAVE_SYS_STAT_H 1
| #define HAVE_STDLIB_H 1
| #define HAVE_STRING_H 1
| #define HAVE_MEMORY_H 1
| #define HAVE_STRINGS_H 1
| #define HAVE_INTTYPES_H 1
| #define HAVE_STDINT_H 1
| #define HAVE_UNISTD_H 1
| #define HAVE_FCNTL_H 1
| #define HAVE_LIMITS_H 1
| #define HAVE_UNISTD_H 1
| #define HAVE_STRING_H 1
| #define HAVE_STDBOOL_H 1
| #define HAVE_LIBC_H 1
| #define HAVE_PTHREAD_H 1
| /* end confdefs.h.  */
| #include <stdio.h>
| #ifdef HAVE_SYS_TYPES_H
| # include <sys/types.h>
| #endif
| #ifdef HAVE_SYS_STAT_H
| # include <sys/stat.h>
| #endif
| #ifdef STDC_HEADERS
| # include <stdlib.h>
| # include <stddef.h>
| #else
| # ifdef HAVE_STDLIB_H
| #  include <stdlib.h>
| # endif
| #endif
| #ifdef HAVE_STRING_H
| # if !defined STDC_HEADERS && defined HAVE_MEMORY_H
| #  include <memory.h>
| # endif
| # include <string.h>
| #endif
| #ifdef HAVE_STRINGS_H
| # include <strings.h>
| #endif
| #ifdef HAVE_INTTYPES_H
| # include <inttypes.h>
| #endif
| #ifdef HAVE_STDINT_H
| # include <stdint.h>
| #endif
| #ifdef HAVE_UNISTD_H
| # include <unistd.h>
| #endif
| #include </usr/lib/oss/include/sys/soundcard.h>
configure:4082: result: no
configure:4082: checking /usr/lib/oss/include/sys/soundcard.h presence
configure:4082: gcc -E  conftest.c
conftest.c:29:48: error: /usr/lib/oss/include/sys/soundcard.h: No such file or directory
configure:4082: $? = 1
configure: failed program was:
| /* confdefs.h */
| #define PACKAGE_NAME "CLM"
| #define PACKAGE_TARNAME "clm"
| #define PACKAGE_VERSION "4"
| #define PACKAGE_STRING "CLM 4"
| #define PACKAGE_BUGREPORT "bil@ccrma.stanford.edu"
| #define PACKAGE_URL ""
| #define STDC_HEADERS 1
| #define HAVE_LIBM 1
| #define HAVE_LIBC 1
| #define HAVE_LIBDL 1
| #define HAVE_SYS_TYPES_H 1
| #define HAVE_SYS_STAT_H 1
| #define HAVE_STDLIB_H 1
| #define HAVE_STRING_H 1
| #define HAVE_MEMORY_H 1
| #define HAVE_STRINGS_H 1
| #define HAVE_INTTYPES_H 1
| #define HAVE_STDINT_H 1
| #define HAVE_UNISTD_H 1
| #define HAVE_FCNTL_H 1
| #define HAVE_LIMITS_H 1
| #define HAVE_UNISTD_H 1
| #define HAVE_STRING_H 1
| #define HAVE_STDBOOL_H 1
| #define HAVE_LIBC_H 1
| #define HAVE_PTHREAD_H 1
| /* end confdefs.h.  */
| #include </usr/lib/oss/include/sys/soundcard.h>
configure:4082: result: no
configure:4082: checking for /usr/lib/oss/include/sys/soundcard.h
configure:4082: result: no
configure:4089: checking /opt/oss/include/sys/soundcard.h usability
configure:4089: gcc -c -g -O2  conftest.c >&5
conftest.c:62:44: error: /opt/oss/include/sys/soundcard.h: No such file or directory
configure:4089: $? = 1
configure: failed program was:
| /* confdefs.h */
| #define PACKAGE_NAME "CLM"
| #define PACKAGE_TARNAME "clm"
| #define PACKAGE_VERSION "4"
| #define PACKAGE_STRING "CLM 4"
| #define PACKAGE_BUGREPORT "bil@ccrma.stanford.edu"
| #define PACKAGE_URL ""
| #define STDC_HEADERS 1
| #define HAVE_LIBM 1
| #define HAVE_LIBC 1
| #define HAVE_LIBDL 1
| #define HAVE_SYS_TYPES_H 1
| #define HAVE_SYS_STAT_H 1
| #define HAVE_STDLIB_H 1
| #define HAVE_STRING_H 1
| #define HAVE_MEMORY_H 1
| #define HAVE_STRINGS_H 1
| #define HAVE_INTTYPES_H 1
| #define HAVE_STDINT_H 1
| #define HAVE_UNISTD_H 1
| #define HAVE_FCNTL_H 1
| #define HAVE_LIMITS_H 1
| #define HAVE_UNISTD_H 1
| #define HAVE_STRING_H 1
| #define HAVE_STDBOOL_H 1
| #define HAVE_LIBC_H 1
| #define HAVE_PTHREAD_H 1
| /* end confdefs.h.  */
| #include <stdio.h>
| #ifdef HAVE_SYS_TYPES_H
| # include <sys/types.h>
| #endif
| #ifdef HAVE_SYS_STAT_H
| # include <sys/stat.h>
| #endif
| #ifdef STDC_HEADERS
| # include <stdlib.h>
| # include <stddef.h>
| #else
| # ifdef HAVE_STDLIB_H
| #  include <stdlib.h>
| # endif
| #endif
| #ifdef HAVE_STRING_H
| # if !defined STDC_HEADERS && defined HAVE_MEMORY_H
| #  include <memory.h>
| # endif
| # include <string.h>
| #endif
| #ifdef HAVE_STRINGS_H
| # include <strings.h>
| #endif
| #ifdef HAVE_INTTYPES_H
| # include <inttypes.h>
| #endif
| #ifdef HAVE_STDINT_H
| # include <stdint.h>
| #endif
| #ifdef HAVE_UNISTD_H
| # include <unistd.h>
| #endif
| #include </opt/oss/include/sys/soundcard.h>
configure:4089: result: no
configure:4089: checking /opt/oss/include/sys/soundcard.h presence
configure:4089: gcc -E  conftest.c
conftest.c:29:44: error: /opt/oss/include/sys/soundcard.h: No such file or directory
configure:4089: $? = 1
configure: failed program was:
| /* confdefs.h */
| #define PACKAGE_NAME "CLM"
| #define PACKAGE_TARNAME "clm"
| #define PACKAGE_VERSION "4"
| #define PACKAGE_STRING "CLM 4"
| #define PACKAGE_BUGREPORT "bil@ccrma.stanford.edu"
| #define PACKAGE_URL ""
| #define STDC_HEADERS 1
| #define HAVE_LIBM 1
| #define HAVE_LIBC 1
| #define HAVE_LIBDL 1
| #define HAVE_SYS_TYPES_H 1
| #define HAVE_SYS_STAT_H 1
| #define HAVE_STDLIB_H 1
| #define HAVE_STRING_H 1
| #define HAVE_MEMORY_H 1
| #define HAVE_STRINGS_H 1
| #define HAVE_INTTYPES_H 1
| #define HAVE_STDINT_H 1
| #define HAVE_UNISTD_H 1
| #define HAVE_FCNTL_H 1
| #define HAVE_LIMITS_H 1
| #define HAVE_UNISTD_H 1
| #define HAVE_STRING_H 1
| #define HAVE_STDBOOL_H 1
| #define HAVE_LIBC_H 1
| #define HAVE_PTHREAD_H 1
| /* end confdefs.h.  */
| #include </opt/oss/include/sys/soundcard.h>
configure:4089: result: no
configure:4089: checking for /opt/oss/include/sys/soundcard.h
configure:4089: result: no
configure:4096: checking /var/lib/oss/include/sys/soundcard.h usability
configure:4096: gcc -c -g -O2  conftest.c >&5
conftest.c:62:48: error: /var/lib/oss/include/sys/soundcard.h: No such file or directory
configure:4096: $? = 1
configure: failed program was:
| /* confdefs.h */
| #define PACKAGE_NAME "CLM"
| #define PACKAGE_TARNAME "clm"
| #define PACKAGE_VERSION "4"
| #define PACKAGE_STRING "CLM 4"
| #define PACKAGE_BUGREPORT "bil@ccrma.stanford.edu"
| #define PACKAGE_URL ""
| #define STDC_HEADERS 1
| #define HAVE_LIBM 1
| #define HAVE_LIBC 1
| #define HAVE_LIBDL 1
| #define HAVE_SYS_TYPES_H 1
| #define HAVE_SYS_STAT_H 1
| #define HAVE_STDLIB_H 1
| #define HAVE_STRING_H 1
| #define HAVE_MEMORY_H 1
| #define HAVE_STRINGS_H 1
| #define HAVE_INTTYPES_H 1
| #define HAVE_STDINT_H 1
| #define HAVE_UNISTD_H 1
| #define HAVE_FCNTL_H 1
| #define HAVE_LIMITS_H 1
| #define HAVE_UNISTD_H 1
| #define HAVE_STRING_H 1
| #define HAVE_STDBOOL_H 1
| #define HAVE_LIBC_H 1
| #define HAVE_PTHREAD_H 1
| /* end confdefs.h.  */
| #include <stdio.h>
| #ifdef HAVE_SYS_TYPES_H
| # include <sys/types.h>
| #endif
| #ifdef HAVE_SYS_STAT_H
| # include <sys/stat.h>
| #endif
| #ifdef STDC_HEADERS
| # include <stdlib.h>
| # include <stddef.h>
| #else
| # ifdef HAVE_STDLIB_H
| #  include <stdlib.h>
| # endif
| #endif
| #ifdef HAVE_STRING_H
| # if !defined STDC_HEADERS && defined HAVE_MEMORY_H
| #  include <memory.h>
| # endif
| # include <string.h>
| #endif
| #ifdef HAVE_STRINGS_H
| # include <strings.h>
| #endif
| #ifdef HAVE_INTTYPES_H
| # include <inttypes.h>
| #endif
| #ifdef HAVE_STDINT_H
| # include <stdint.h>
| #endif
| #ifdef HAVE_UNISTD_H
| # include <unistd.h>
| #endif
| #include </var/lib/oss/include/sys/soundcard.h>
configure:4096: result: no
configure:4096: checking /var/lib/oss/include/sys/soundcard.h presence
configure:4096: gcc -E  conftest.c
conftest.c:29:48: error: /var/lib/oss/include/sys/soundcard.h: No such file or directory
configure:4096: $? = 1
configure: failed program was:
| /* confdefs.h */
| #define PACKAGE_NAME "CLM"
| #define PACKAGE_TARNAME "clm"
| #define PACKAGE_VERSION "4"
| #define PACKAGE_STRING "CLM 4"
| #define PACKAGE_BUGREPORT "bil@ccrma.stanford.edu"
| #define PACKAGE_URL ""
| #define STDC_HEADERS 1
| #define HAVE_LIBM 1
| #define HAVE_LIBC 1
| #define HAVE_LIBDL 1
| #define HAVE_SYS_TYPES_H 1
| #define HAVE_SYS_STAT_H 1
| #define HAVE_STDLIB_H 1
| #define HAVE_STRING_H 1
| #define HAVE_MEMORY_H 1
| #define HAVE_STRINGS_H 1
| #define HAVE_INTTYPES_H 1
| #define HAVE_STDINT_H 1
| #define HAVE_UNISTD_H 1
| #define HAVE_FCNTL_H 1
| #define HAVE_LIMITS_H 1
| #define HAVE_UNISTD_H 1
| #define HAVE_STRING_H 1
| #define HAVE_STDBOOL_H 1
| #define HAVE_LIBC_H 1
| #define HAVE_PTHREAD_H 1
| /* end confdefs.h.  */
| #include </var/lib/oss/include/sys/soundcard.h>
configure:4096: result: no
configure:4096: checking for /var/lib/oss/include/sys/soundcard.h
configure:4096: result: no
configure:4103: checking alsa/asoundlib.h usability
configure:4103: gcc -c -g -O2  conftest.c >&5
conftest.c:62:28: error: alsa/asoundlib.h: No such file or directory
configure:4103: $? = 1
configure: failed program was:
| /* confdefs.h */
| #define PACKAGE_NAME "CLM"
| #define PACKAGE_TARNAME "clm"
| #define PACKAGE_VERSION "4"
| #define PACKAGE_STRING "CLM 4"
| #define PACKAGE_BUGREPORT "bil@ccrma.stanford.edu"
| #define PACKAGE_URL ""
| #define STDC_HEADERS 1
| #define HAVE_LIBM 1
| #define HAVE_LIBC 1
| #define HAVE_LIBDL 1
| #define HAVE_SYS_TYPES_H 1
| #define HAVE_SYS_STAT_H 1
| #define HAVE_STDLIB_H 1
| #define HAVE_STRING_H 1
| #define HAVE_MEMORY_H 1
| #define HAVE_STRINGS_H 1
| #define HAVE_INTTYPES_H 1
| #define HAVE_STDINT_H 1
| #define HAVE_UNISTD_H 1
| #define HAVE_FCNTL_H 1
| #define HAVE_LIMITS_H 1
| #define HAVE_UNISTD_H 1
| #define HAVE_STRING_H 1
| #define HAVE_STDBOOL_H 1
| #define HAVE_LIBC_H 1
| #define HAVE_PTHREAD_H 1
| /* end confdefs.h.  */
| #include <stdio.h>
| #ifdef HAVE_SYS_TYPES_H
| # include <sys/types.h>
| #endif
| #ifdef HAVE_SYS_STAT_H
| # include <sys/stat.h>
| #endif
| #ifdef STDC_HEADERS
| # include <stdlib.h>
| # include <stddef.h>
| #else
| # ifdef HAVE_STDLIB_H
| #  include <stdlib.h>
| # endif
| #endif
| #ifdef HAVE_STRING_H
| # if !defined STDC_HEADERS && defined HAVE_MEMORY_H
| #  include <memory.h>
| # endif
| # include <string.h>
| #endif
| #ifdef HAVE_STRINGS_H
| # include <strings.h>
| #endif
| #ifdef HAVE_INTTYPES_H
| # include <inttypes.h>
| #endif
| #ifdef HAVE_STDINT_H
| # include <stdint.h>
| #endif
| #ifdef HAVE_UNISTD_H
| # include <unistd.h>
| #endif
| #include <alsa/asoundlib.h>
configure:4103: result: no
configure:4103: checking alsa/asoundlib.h presence
configure:4103: gcc -E  conftest.c
conftest.c:29:28: error: alsa/asoundlib.h: No such file or directory
configure:4103: $? = 1
configure: failed program was:
| /* confdefs.h */
| #define PACKAGE_NAME "CLM"
| #define PACKAGE_TARNAME "clm"
| #define PACKAGE_VERSION "4"
| #define PACKAGE_STRING "CLM 4"
| #define PACKAGE_BUGREPORT "bil@ccrma.stanford.edu"
| #define PACKAGE_URL ""
| #define STDC_HEADERS 1
| #define HAVE_LIBM 1
| #define HAVE_LIBC 1
| #define HAVE_LIBDL 1
| #define HAVE_SYS_TYPES_H 1
| #define HAVE_SYS_STAT_H 1
| #define HAVE_STDLIB_H 1
| #define HAVE_STRING_H 1
| #define HAVE_MEMORY_H 1
| #define HAVE_STRINGS_H 1
| #define HAVE_INTTYPES_H 1
| #define HAVE_STDINT_H 1
| #define HAVE_UNISTD_H 1
| #define HAVE_FCNTL_H 1
| #define HAVE_LIMITS_H 1
| #define HAVE_UNISTD_H 1
| #define HAVE_STRING_H 1
| #define HAVE_STDBOOL_H 1
| #define HAVE_LIBC_H 1
| #define HAVE_PTHREAD_H 1
| /* end confdefs.h.  */
| #include <alsa/asoundlib.h>
configure:4103: result: no
configure:4103: checking for alsa/asoundlib.h
configure:4103: result: no
configure:4111: checking for mode_t
configure:4111: gcc -c -g -O2  conftest.c >&5
configure:4111: $? = 0
configure:4111: gcc -c -g -O2  conftest.c >&5
conftest.c: In function 'main':
conftest.c:65: error: expected expression before ')' token
configure:4111: $? = 1
configure: failed program was:
| /* confdefs.h */
| #define PACKAGE_NAME "CLM"
| #define PACKAGE_TARNAME "clm"
| #define PACKAGE_VERSION "4"
| #define PACKAGE_STRING "CLM 4"
| #define PACKAGE_BUGREPORT "bil@ccrma.stanford.edu"
| #define PACKAGE_URL ""
| #define STDC_HEADERS 1
| #define HAVE_LIBM 1
| #define HAVE_LIBC 1
| #define HAVE_LIBDL 1
| #define HAVE_SYS_TYPES_H 1
| #define HAVE_SYS_STAT_H 1
| #define HAVE_STDLIB_H 1
| #define HAVE_STRING_H 1
| #define HAVE_MEMORY_H 1
| #define HAVE_STRINGS_H 1
| #define HAVE_INTTYPES_H 1
| #define HAVE_STDINT_H 1
| #define HAVE_UNISTD_H 1
| #define HAVE_FCNTL_H 1
| #define HAVE_LIMITS_H 1
| #define HAVE_UNISTD_H 1
| #define HAVE_STRING_H 1
| #define HAVE_STDBOOL_H 1
| #define HAVE_LIBC_H 1
| #define HAVE_PTHREAD_H 1
| /* end confdefs.h.  */
| #include <stdio.h>
| #ifdef HAVE_SYS_TYPES_H
| # include <sys/types.h>
| #endif
| #ifdef HAVE_SYS_STAT_H
| # include <sys/stat.h>
| #endif
| #ifdef STDC_HEADERS
| # include <stdlib.h>
| # include <stddef.h>
| #else
| # ifdef HAVE_STDLIB_H
| #  include <stdlib.h>
| # endif
| #endif
| #ifdef HAVE_STRING_H
| # if !defined STDC_HEADERS && defined HAVE_MEMORY_H
| #  include <memory.h>
| # endif
| # include <string.h>
| #endif
| #ifdef HAVE_STRINGS_H
| # include <strings.h>
| #endif
| #ifdef HAVE_INTTYPES_H
| # include <inttypes.h>
| #endif
| #ifdef HAVE_STDINT_H
| # include <stdint.h>
| #endif
| #ifdef HAVE_UNISTD_H
| # include <unistd.h>
| #endif
| int
| main ()
| {
| if (sizeof ((mode_t)))
| 	    return 0;
|   ;
|   return 0;
| }
configure:4111: result: yes
configure:4122: checking for size_t
configure:4122: gcc -c -g -O2  conftest.c >&5
configure:4122: $? = 0
configure:4122: gcc -c -g -O2  conftest.c >&5
conftest.c: In function 'main':
conftest.c:65: error: expected expression before ')' token
configure:4122: $? = 1
configure: failed program was:
| /* confdefs.h */
| #define PACKAGE_NAME "CLM"
| #define PACKAGE_TARNAME "clm"
| #define PACKAGE_VERSION "4"
| #define PACKAGE_STRING "CLM 4"
| #define PACKAGE_BUGREPORT "bil@ccrma.stanford.edu"
| #define PACKAGE_URL ""
| #define STDC_HEADERS 1
| #define HAVE_LIBM 1
| #define HAVE_LIBC 1
| #define HAVE_LIBDL 1
| #define HAVE_SYS_TYPES_H 1
| #define HAVE_SYS_STAT_H 1
| #define HAVE_STDLIB_H 1
| #define HAVE_STRING_H 1
| #define HAVE_MEMORY_H 1
| #define HAVE_STRINGS_H 1
| #define HAVE_INTTYPES_H 1
| #define HAVE_STDINT_H 1
| #define HAVE_UNISTD_H 1
| #define HAVE_FCNTL_H 1
| #define HAVE_LIMITS_H 1
| #define HAVE_UNISTD_H 1
| #define HAVE_STRING_H 1
| #define HAVE_STDBOOL_H 1
| #define HAVE_LIBC_H 1
| #define HAVE_PTHREAD_H 1
| /* end confdefs.h.  */
| #include <stdio.h>
| #ifdef HAVE_SYS_TYPES_H
| # include <sys/types.h>
| #endif
| #ifdef HAVE_SYS_STAT_H
| # include <sys/stat.h>
| #endif
| #ifdef STDC_HEADERS
| # include <stdlib.h>
| # include <stddef.h>
| #else
| # ifdef HAVE_STDLIB_H
| #  include <stdlib.h>
| # endif
| #endif
| #ifdef HAVE_STRING_H
| # if !defined STDC_HEADERS && defined HAVE_MEMORY_H
| #  include <memory.h>
| # endif
| # include <string.h>
| #endif
| #ifdef HAVE_STRINGS_H
| # include <strings.h>
| #endif
| #ifdef HAVE_INTTYPES_H
| # include <inttypes.h>
| #endif
| #ifdef HAVE_STDINT_H
| # include <stdint.h>
| #endif
| #ifdef HAVE_UNISTD_H
| # include <unistd.h>
| #endif
| int
| main ()
| {
| if (sizeof ((size_t)))
| 	    return 0;
|   ;
|   return 0;
| }
configure:4122: result: yes
configure:4133: checking for ssize_t
configure:4133: gcc -c -g -O2  conftest.c >&5
configure:4133: $? = 0
configure:4133: gcc -c -g -O2  conftest.c >&5
conftest.c: In function 'main':
conftest.c:65: error: expected expression before ')' token
configure:4133: $? = 1
configure: failed program was:
| /* confdefs.h */
| #define PACKAGE_NAME "CLM"
| #define PACKAGE_TARNAME "clm"
| #define PACKAGE_VERSION "4"
| #define PACKAGE_STRING "CLM 4"
| #define PACKAGE_BUGREPORT "bil@ccrma.stanford.edu"
| #define PACKAGE_URL ""
| #define STDC_HEADERS 1
| #define HAVE_LIBM 1
| #define HAVE_LIBC 1
| #define HAVE_LIBDL 1
| #define HAVE_SYS_TYPES_H 1
| #define HAVE_SYS_STAT_H 1
| #define HAVE_STDLIB_H 1
| #define HAVE_STRING_H 1
| #define HAVE_MEMORY_H 1
| #define HAVE_STRINGS_H 1
| #define HAVE_INTTYPES_H 1
| #define HAVE_STDINT_H 1
| #define HAVE_UNISTD_H 1
| #define HAVE_FCNTL_H 1
| #define HAVE_LIMITS_H 1
| #define HAVE_UNISTD_H 1
| #define HAVE_STRING_H 1
| #define HAVE_STDBOOL_H 1
| #define HAVE_LIBC_H 1
| #define HAVE_PTHREAD_H 1
| /* end confdefs.h.  */
| #include <stdio.h>
| #ifdef HAVE_SYS_TYPES_H
| # include <sys/types.h>
| #endif
| #ifdef HAVE_SYS_STAT_H
| # include <sys/stat.h>
| #endif
| #ifdef STDC_HEADERS
| # include <stdlib.h>
| # include <stddef.h>
| #else
| # ifdef HAVE_STDLIB_H
| #  include <stdlib.h>
| # endif
| #endif
| #ifdef HAVE_STRING_H
| # if !defined STDC_HEADERS && defined HAVE_MEMORY_H
| #  include <memory.h>
| # endif
| # include <string.h>
| #endif
| #ifdef HAVE_STRINGS_H
| # include <strings.h>
| #endif
| #ifdef HAVE_INTTYPES_H
| # include <inttypes.h>
| #endif
| #ifdef HAVE_STDINT_H
| # include <stdint.h>
| #endif
| #ifdef HAVE_UNISTD_H
| # include <unistd.h>
| #endif
| int
| main ()
| {
| if (sizeof ((ssize_t)))
| 	    return 0;
|   ;
|   return 0;
| }
configure:4133: result: yes
configure:4144: checking for pid_t
configure:4144: gcc -c -g -O2  conftest.c >&5
configure:4144: $? = 0
configure:4144: gcc -c -g -O2  conftest.c >&5
conftest.c: In function 'main':
conftest.c:65: error: expected expression before ')' token
configure:4144: $? = 1
configure: failed program was:
| /* confdefs.h */
| #define PACKAGE_NAME "CLM"
| #define PACKAGE_TARNAME "clm"
| #define PACKAGE_VERSION "4"
| #define PACKAGE_STRING "CLM 4"
| #define PACKAGE_BUGREPORT "bil@ccrma.stanford.edu"
| #define PACKAGE_URL ""
| #define STDC_HEADERS 1
| #define HAVE_LIBM 1
| #define HAVE_LIBC 1
| #define HAVE_LIBDL 1
| #define HAVE_SYS_TYPES_H 1
| #define HAVE_SYS_STAT_H 1
| #define HAVE_STDLIB_H 1
| #define HAVE_STRING_H 1
| #define HAVE_MEMORY_H 1
| #define HAVE_STRINGS_H 1
| #define HAVE_INTTYPES_H 1
| #define HAVE_STDINT_H 1
| #define HAVE_UNISTD_H 1
| #define HAVE_FCNTL_H 1
| #define HAVE_LIMITS_H 1
| #define HAVE_UNISTD_H 1
| #define HAVE_STRING_H 1
| #define HAVE_STDBOOL_H 1
| #define HAVE_LIBC_H 1
| #define HAVE_PTHREAD_H 1
| /* end confdefs.h.  */
| #include <stdio.h>
| #ifdef HAVE_SYS_TYPES_H
| # include <sys/types.h>
| #endif
| #ifdef HAVE_SYS_STAT_H
| # include <sys/stat.h>
| #endif
| #ifdef STDC_HEADERS
| # include <stdlib.h>
| # include <stddef.h>
| #else
| # ifdef HAVE_STDLIB_H
| #  include <stdlib.h>
| # endif
| #endif
| #ifdef HAVE_STRING_H
| # if !defined STDC_HEADERS && defined HAVE_MEMORY_H
| #  include <memory.h>
| # endif
| # include <string.h>
| #endif
| #ifdef HAVE_STRINGS_H
| # include <strings.h>
| #endif
| #ifdef HAVE_INTTYPES_H
| # include <inttypes.h>
| #endif
| #ifdef HAVE_STDINT_H
| # include <stdint.h>
| #endif
| #ifdef HAVE_UNISTD_H
| # include <unistd.h>
| #endif
| int
| main ()
| {
| if (sizeof ((pid_t)))
| 	    return 0;
|   ;
|   return 0;
| }
configure:4144: result: yes
configure:4155: checking whether byte ordering is bigendian
configure:4178: gcc -c -g -O2  conftest.c >&5
configure:4178: $? = 0
configure:4196: gcc -c -g -O2  conftest.c >&5
conftest.c: In function 'main':
conftest.c:36: error: 'not' undeclared (first use in this function)
conftest.c:36: error: (Each undeclared identifier is reported only once
conftest.c:36: error: for each function it appears in.)
conftest.c:36: error: expected ';' before 'big'
configure:4196: $? = 1
configure: failed program was:
| /* confdefs.h */
| #define PACKAGE_NAME "CLM"
| #define PACKAGE_TARNAME "clm"
| #define PACKAGE_VERSION "4"
| #define PACKAGE_STRING "CLM 4"
| #define PACKAGE_BUGREPORT "bil@ccrma.stanford.edu"
| #define PACKAGE_URL ""
| #define STDC_HEADERS 1
| #define HAVE_LIBM 1
| #define HAVE_LIBC 1
| #define HAVE_LIBDL 1
| #define HAVE_SYS_TYPES_H 1
| #define HAVE_SYS_STAT_H 1
| #define HAVE_STDLIB_H 1
| #define HAVE_STRING_H 1
| #define HAVE_MEMORY_H 1
| #define HAVE_STRINGS_H 1
| #define HAVE_INTTYPES_H 1
| #define HAVE_STDINT_H 1
| #define HAVE_UNISTD_H 1
| #define HAVE_FCNTL_H 1
| #define HAVE_LIMITS_H 1
| #define HAVE_UNISTD_H 1
| #define HAVE_STRING_H 1
| #define HAVE_STDBOOL_H 1
| #define HAVE_LIBC_H 1
| #define HAVE_PTHREAD_H 1
| /* end confdefs.h.  */
| #include <sys/types.h>
| #include <sys/param.h>
| 
| int
| main ()
| {
| #if BYTE_ORDER != BIG_ENDIAN
|  not big endian
| #endif
| 
|   ;
|   return 0;
| }
configure:4270: result: no
configure:4284: checking for off_t
configure:4284: gcc -c -g -O2  conftest.c >&5
configure:4284: $? = 0
configure:4284: gcc -c -g -O2  conftest.c >&5
conftest.c: In function 'main':
conftest.c:65: error: expected expression before ')' token
configure:4284: $? = 1
configure: failed program was:
| /* confdefs.h */
| #define PACKAGE_NAME "CLM"
| #define PACKAGE_TARNAME "clm"
| #define PACKAGE_VERSION "4"
| #define PACKAGE_STRING "CLM 4"
| #define PACKAGE_BUGREPORT "bil@ccrma.stanford.edu"
| #define PACKAGE_URL ""
| #define STDC_HEADERS 1
| #define HAVE_LIBM 1
| #define HAVE_LIBC 1
| #define HAVE_LIBDL 1
| #define HAVE_SYS_TYPES_H 1
| #define HAVE_SYS_STAT_H 1
| #define HAVE_STDLIB_H 1
| #define HAVE_STRING_H 1
| #define HAVE_MEMORY_H 1
| #define HAVE_STRINGS_H 1
| #define HAVE_INTTYPES_H 1
| #define HAVE_STDINT_H 1
| #define HAVE_UNISTD_H 1
| #define HAVE_FCNTL_H 1
| #define HAVE_LIMITS_H 1
| #define HAVE_UNISTD_H 1
| #define HAVE_STRING_H 1
| #define HAVE_STDBOOL_H 1
| #define HAVE_LIBC_H 1
| #define HAVE_PTHREAD_H 1
| /* end confdefs.h.  */
| #include <stdio.h>
| #ifdef HAVE_SYS_TYPES_H
| # include <sys/types.h>
| #endif
| #ifdef HAVE_SYS_STAT_H
| # include <sys/stat.h>
| #endif
| #ifdef STDC_HEADERS
| # include <stdlib.h>
| # include <stddef.h>
| #else
| # ifdef HAVE_STDLIB_H
| #  include <stdlib.h>
| # endif
| #endif
| #ifdef HAVE_STRING_H
| # if !defined STDC_HEADERS && defined HAVE_MEMORY_H
| #  include <memory.h>
| # endif
| # include <string.h>
| #endif
| #ifdef HAVE_STRINGS_H
| # include <strings.h>
| #endif
| #ifdef HAVE_INTTYPES_H
| # include <inttypes.h>
| #endif
| #ifdef HAVE_STDINT_H
| # include <stdint.h>
| #endif
| #ifdef HAVE_UNISTD_H
| # include <unistd.h>
| #endif
| int
| main ()
| {
| if (sizeof ((off_t)))
| 	    return 0;
|   ;
|   return 0;
| }
configure:4284: result: yes
configure:4302: checking for special C compiler options needed for large files
configure:4347: result: no
configure:4353: checking for _FILE_OFFSET_BITS value needed for large files
configure:4378: gcc -c -g -O2  conftest.c >&5
configure:4378: $? = 0
configure:4410: result: no
configure:4495: checking for int64_t
configure:4495: gcc -c -g -O2  conftest.c >&5
configure:4495: $? = 0
configure:4495: gcc -c -g -O2  conftest.c >&5
conftest.c: In function 'main':
conftest.c:67: warning: integer overflow in expression
conftest.c:67: error: size of array 'test_array' is negative
configure:4495: $? = 1
configure: failed program was:
| /* confdefs.h */
| #define PACKAGE_NAME "CLM"
| #define PACKAGE_TARNAME "clm"
| #define PACKAGE_VERSION "4"
| #define PACKAGE_STRING "CLM 4"
| #define PACKAGE_BUGREPORT "bil@ccrma.stanford.edu"
| #define PACKAGE_URL ""
| #define STDC_HEADERS 1
| #define HAVE_LIBM 1
| #define HAVE_LIBC 1
| #define HAVE_LIBDL 1
| #define HAVE_SYS_TYPES_H 1
| #define HAVE_SYS_STAT_H 1
| #define HAVE_STDLIB_H 1
| #define HAVE_STRING_H 1
| #define HAVE_MEMORY_H 1
| #define HAVE_STRINGS_H 1
| #define HAVE_INTTYPES_H 1
| #define HAVE_STDINT_H 1
| #define HAVE_UNISTD_H 1
| #define HAVE_FCNTL_H 1
| #define HAVE_LIMITS_H 1
| #define HAVE_UNISTD_H 1
| #define HAVE_STRING_H 1
| #define HAVE_STDBOOL_H 1
| #define HAVE_LIBC_H 1
| #define HAVE_PTHREAD_H 1
| /* end confdefs.h.  */
| #include <stdio.h>
| #ifdef HAVE_SYS_TYPES_H
| # include <sys/types.h>
| #endif
| #ifdef HAVE_SYS_STAT_H
| # include <sys/stat.h>
| #endif
| #ifdef STDC_HEADERS
| # include <stdlib.h>
| # include <stddef.h>
| #else
| # ifdef HAVE_STDLIB_H
| #  include <stdlib.h>
| # endif
| #endif
| #ifdef HAVE_STRING_H
| # if !defined STDC_HEADERS && defined HAVE_MEMORY_H
| #  include <memory.h>
| # endif
| # include <string.h>
| #endif
| #ifdef HAVE_STRINGS_H
| # include <strings.h>
| #endif
| #ifdef HAVE_INTTYPES_H
| # include <inttypes.h>
| #endif
| #ifdef HAVE_STDINT_H
| # include <stdint.h>
| #endif
| #ifdef HAVE_UNISTD_H
| # include <unistd.h>
| #endif
| 	        enum { N = 64 / 2 - 1 };
| int
| main ()
| {
| static int test_array [1 - 2 * !((int64_t) (((((int64_t) 1 << N) << N) - 1) * 2 + 1)
| 		 < (int64_t) (((((int64_t) 1 << N) << N) - 1) * 2 + 2))];
| test_array [0] = 0;
| return test_array [0];
| 
|   ;
|   return 0;
| }
configure:4495: result: yes
configure:4511: checking size of off_t
configure:4516: gcc -o conftest -g -O2   conftest.c  >&5
configure:4516: $? = 0
configure:4516: ./conftest
configure:4516: $? = 0
configure:4530: result: 8
configure:4544: checking size of long
configure:4549: gcc -o conftest -g -O2   conftest.c  >&5
configure:4549: $? = 0
configure:4549: ./conftest
configure:4549: $? = 0
configure:4563: result: 8
configure:4577: checking size of long long
configure:4582: gcc -o conftest -g -O2   conftest.c  >&5
configure:4582: $? = 0
configure:4582: ./conftest
configure:4582: $? = 0
configure:4596: result: 8
configure:4610: checking size of unsigned long long
configure:4615: gcc -o conftest -g -O2   conftest.c  >&5
configure:4615: $? = 0
configure:4615: ./conftest
configure:4615: $? = 0
configure:4629: result: 8
configure:4643: checking size of unsigned long
configure:4648: gcc -o conftest -g -O2   conftest.c  >&5
configure:4648: $? = 0
configure:4648: ./conftest
configure:4648: $? = 0
configure:4662: result: 8
configure:4679: checking size of intptr_t
configure:4684: gcc -o conftest -g -O2   conftest.c  >&5
configure:4684: $? = 0
configure:4684: ./conftest
configure:4684: $? = 0
configure:4698: result: 8
configure:4717: checking size of int
configure:4722: gcc -o conftest -g -O2   conftest.c  >&5
configure:4722: $? = 0
configure:4722: ./conftest
configure:4722: $? = 0
configure:4736: result: 4
configure:4750: checking size of int64_t
configure:4755: gcc -o conftest -g -O2   conftest.c  >&5
configure:4755: $? = 0
configure:4755: ./conftest
configure:4755: $? = 0
configure:4769: result: 8
configure:4783: checking size of ssize_t
configure:4788: gcc -o conftest -g -O2   conftest.c  >&5
configure:4788: $? = 0
configure:4788: ./conftest
configure:4788: $? = 0
configure:4802: result: 8
configure:4813: checking whether isnan is declared
configure:4813: gcc -c -g -O2  conftest.c >&5
configure:4813: $? = 0
configure:4813: result: yes
configure:4825: checking whether isinf is declared
configure:4825: gcc -c -g -O2  conftest.c >&5
configure:4825: $? = 0
configure:4825: result: yes
configure:4838: checking return type of signal handlers
configure:4856: gcc -c -g -O2  conftest.c >&5
conftest.c: In function 'main':
conftest.c:47: error: void value not ignored as it ought to be
configure:4856: $? = 1
configure: failed program was:
| /* confdefs.h */
| #define PACKAGE_NAME "CLM"
| #define PACKAGE_TARNAME "clm"
| #define PACKAGE_VERSION "4"
| #define PACKAGE_STRING "CLM 4"
| #define PACKAGE_BUGREPORT "bil@ccrma.stanford.edu"
| #define PACKAGE_URL ""
| #define STDC_HEADERS 1
| #define HAVE_LIBM 1
| #define HAVE_LIBC 1
| #define HAVE_LIBDL 1
| #define HAVE_SYS_TYPES_H 1
| #define HAVE_SYS_STAT_H 1
| #define HAVE_STDLIB_H 1
| #define HAVE_STRING_H 1
| #define HAVE_MEMORY_H 1
| #define HAVE_STRINGS_H 1
| #define HAVE_INTTYPES_H 1
| #define HAVE_STDINT_H 1
| #define HAVE_UNISTD_H 1
| #define HAVE_FCNTL_H 1
| #define HAVE_LIMITS_H 1
| #define HAVE_UNISTD_H 1
| #define HAVE_STRING_H 1
| #define HAVE_STDBOOL_H 1
| #define HAVE_LIBC_H 1
| #define HAVE_PTHREAD_H 1
| #define SIZEOF_OFF_T 8
| #define SIZEOF_LONG 8
| #define SIZEOF_LONG_LONG 8
| #define SIZEOF_UNSIGNED_LONG_LONG 8
| #define SIZEOF_UNSIGNED_LONG 8
| #define SIZEOF_INTPTR_T 8
| #define SIZEOF_VOID_P 8
| #define SIZEOF_INT 4
| #define SIZEOF_INT64_T 8
| #define SIZEOF_SSIZE_T 8
| #define HAVE_DECL_ISNAN 1
| #define HAVE_DECL_ISINF 1
| /* end confdefs.h.  */
| #include <sys/types.h>
| #include <signal.h>
| 
| int
| main ()
| {
| return *(signal (0, 0)) (0) == 1;
|   ;
|   return 0;
| }
configure:4863: result: void
configure:4874: checking for getcwd
configure:4874: gcc -o conftest -g -O2   conftest.c  >&5
configure:4874: $? = 0
configure:4874: result: yes
configure:4874: checking for strerror
configure:4874: gcc -o conftest -g -O2   conftest.c  >&5
configure:4874: $? = 0
configure:4874: result: yes
configure:4874: checking for access
configure:4874: gcc -o conftest -g -O2   conftest.c  >&5
configure:4874: $? = 0
configure:4874: result: yes
configure:4874: checking for vsnprintf
configure:4874: gcc -o conftest -g -O2   conftest.c  >&5
conftest.c:68: warning: conflicting types for built-in function 'vsnprintf'
configure:4874: $? = 0
configure:4874: result: yes
configure:4874: checking for snprintf
configure:4874: gcc -o conftest -g -O2   conftest.c  >&5
conftest.c:69: warning: conflicting types for built-in function 'snprintf'
configure:4874: $? = 0
configure:4874: result: yes
configure:4874: checking for memmove
configure:4874: gcc -o conftest -g -O2   conftest.c  >&5
conftest.c:70: warning: conflicting types for built-in function 'memmove'
configure:4874: $? = 0
configure:4874: result: yes
configure:4874: checking for strdup
configure:4874: gcc -o conftest -g -O2   conftest.c  >&5
conftest.c:71: warning: conflicting types for built-in function 'strdup'
configure:4874: $? = 0
configure:4874: result: yes
configure:4874: checking for fileno
configure:4874: gcc -o conftest -g -O2   conftest.c  >&5
configure:4874: $? = 0
configure:4874: result: yes
configure:4874: checking for strftime
configure:4874: gcc -o conftest -g -O2   conftest.c  >&5
conftest.c:73: warning: conflicting types for built-in function 'strftime'
configure:4874: $? = 0
configure:4874: result: yes
configure:4908: checking for pkg-config
configure:4926: found /usr/local/bin/pkg-config
configure:4939: result: /usr/local/bin/pkg-config
configure:5430: checking for AudioDeviceDestroyIOProcID
configure:5447: gcc -c -g -O2  conftest.c >&5
configure:5447: $? = 0
configure:5450: result: yes
configure:5458: checking for kAudioDevicePropertyDeviceManufacturer
configure:5476: gcc -c -g -O2  conftest.c >&5
conftest.c: In function 'main':
conftest.c:63: warning: 'AudioDeviceGetProperty' is deprecated (declared at /System/Library/Frameworks/CoreAudio.framework/Headers/AudioHardware.h:2640)
configure:5476: $? = 0
configure:5479: result: yes
configure:5486: checking for kLinearPCMFormatFlagIsNonInterleaved
configure:5500: gcc -c -g -O2  conftest.c >&5
configure:5500: $? = 0
configure:5503: result: yes
configure:5512: checking for audio system
configure:5514: result: MacOSX
configure:5650: creating ./config.status

## ---------------------- ##
## Running config.status. ##
## ---------------------- ##

This file was extended by CLM config.status 4, which was
generated by GNU Autoconf 2.69.  Invocation command line was

  CONFIG_FILES    = 
  CONFIG_HEADERS  = 
  CONFIG_LINKS    = 
  CONFIG_COMMANDS = 
  $ ./config.status --quiet

on Racoon

config.status:714: creating mus-config.h
config.status:714: creating sndlib.h

## ---------------- ##
## Cache variables. ##
## ---------------- ##

ac_cv_build=x86_64-apple-darwin11.4.0
ac_cv_c_bigendian=no
ac_cv_c_compiler_gnu=yes
ac_cv_c_int64_t=yes
ac_cv_env_CC_set=
ac_cv_env_CC_value=
ac_cv_env_CFLAGS_set=
ac_cv_env_CFLAGS_value=
ac_cv_env_CPPFLAGS_set=
ac_cv_env_CPPFLAGS_value=
ac_cv_env_CPP_set=
ac_cv_env_CPP_value=
ac_cv_env_LDFLAGS_set=
ac_cv_env_LDFLAGS_value=
ac_cv_env_LIBS_set=
ac_cv_env_LIBS_value=
ac_cv_env_build_alias_set=
ac_cv_env_build_alias_value=
ac_cv_env_host_alias_set=
ac_cv_env_host_alias_value=
ac_cv_env_target_alias_set=
ac_cv_env_target_alias_value=
ac_cv_func_access=yes
ac_cv_func_fileno=yes
ac_cv_func_getcwd=yes
ac_cv_func_memmove=yes
ac_cv_func_snprintf=yes
ac_cv_func_strdup=yes
ac_cv_func_strerror=yes
ac_cv_func_strftime=yes
ac_cv_func_vsnprintf=yes
ac_cv_have_decl_isinf=yes
ac_cv_have_decl_isnan=yes
ac_cv_header__opt_oss_include_sys_soundcard_h=no
ac_cv_header__usr_lib_oss_include_sys_soundcard_h=no
ac_cv_header__usr_local_lib_oss_include_sys_soundcard_h=no
ac_cv_header__var_lib_oss_include_sys_soundcard_h=no
ac_cv_header_alsa_asoundlib_h=no
ac_cv_header_byteswap_h=no
ac_cv_header_fcntl_h=yes
ac_cv_header_inttypes_h=yes
ac_cv_header_libc_h=yes
ac_cv_header_limits_h=yes
ac_cv_header_machine_soundcard_h=no
ac_cv_header_memory_h=yes
ac_cv_header_pthread_h=yes
ac_cv_header_stdbool_h=yes
ac_cv_header_stdc=yes
ac_cv_header_stdint_h=yes
ac_cv_header_stdlib_h=yes
ac_cv_header_string_h=yes
ac_cv_header_strings_h=yes
ac_cv_header_sys_mixer_h=no
ac_cv_header_sys_soundcard_h=no
ac_cv_header_sys_stat_h=yes
ac_cv_header_sys_types_h=yes
ac_cv_header_unistd_h=yes
ac_cv_host=x86_64-apple-darwin11.4.0
ac_cv_lib_c_main=yes
ac_cv_lib_dl_main=yes
ac_cv_lib_m_main=yes
ac_cv_objext=o
ac_cv_path_EGREP='/usr/local/bin/grep -E'
ac_cv_path_GREP=/usr/local/bin/grep
ac_cv_path_PKG_CONFIG=/usr/local/bin/pkg-config
ac_cv_path_install='/usr/bin/install -c'
ac_cv_prog_CPP='gcc -E'
ac_cv_prog_ac_ct_CC=gcc
ac_cv_prog_cc_c89=
ac_cv_prog_cc_g=yes
ac_cv_sizeof_int64_t=8
ac_cv_sizeof_int=4
ac_cv_sizeof_intptr_t=8
ac_cv_sizeof_long=8
ac_cv_sizeof_long_long=8
ac_cv_sizeof_off_t=8
ac_cv_sizeof_ssize_t=8
ac_cv_sizeof_unsigned_long=8
ac_cv_sizeof_unsigned_long_long=8
ac_cv_sys_file_offset_bits=no
ac_cv_sys_largefile_CC=no
ac_cv_type_mode_t=yes
ac_cv_type_off_t=yes
ac_cv_type_pid_t=yes
ac_cv_type_signal=void
ac_cv_type_size_t=yes
ac_cv_type_ssize_t=yes

## ----------------- ##
## Output variables. ##
## ----------------- ##

AUDIO_LIB='-framework CoreAudio -framework CoreFoundation -framework CoreMIDI'
A_LD='ld'
A_LD_FLAGS=''
CC='gcc'
CFLAGS='-I. -g -O2'
CPP='gcc -E'
CPPFLAGS=''
DEFS='-DHAVE_CONFIG_H'
ECHO_C='\c'
ECHO_N=''
ECHO_T=''
EGREP='/usr/local/bin/grep -E'
EXEEXT=''
GREP='/usr/local/bin/grep'
INSTALL_DATA='${INSTALL} -m 644'
INSTALL_PROGRAM='${INSTALL}'
INSTALL_SCRIPT='${INSTALL}'
JACK_FLAGS=''
JACK_LIBS=''
LDFLAGS=''
LDSO_FLAGS=''
LD_FLAGS='-r'
LIBOBJS=''
LIBS=''
LTLIBOBJS=''
OBJEXT='o'
PACKAGE_BUGREPORT='bil@ccrma.stanford.edu'
PACKAGE_NAME='CLM'
PACKAGE_STRING='CLM 4'
PACKAGE_TARNAME='clm'
PACKAGE_URL=''
PACKAGE_VERSION='4'
PATH_SEPARATOR=':'
PKG_CONFIG='/usr/local/bin/pkg-config'
SHELL='/bin/sh'
SNDLIB_LANGUAGE=''
SNDLIB_MODULES=''
SNDLIB_VERSION=''
SO_FLAGS=''
SO_INSTALL=':'
SO_LD=':'
ac_ct_CC='gcc'
bindir='${exec_prefix}/bin'
build='x86_64-apple-darwin11.4.0'
build_alias=''
build_cpu='x86_64'
build_os='darwin11.4.0'
build_vendor='apple'
datadir='${datarootdir}'
datarootdir='${prefix}/share'
docdir='${datarootdir}/doc/${PACKAGE_TARNAME}'
dvidir='${docdir}'
exec_prefix='${prefix}'
host='x86_64-apple-darwin11.4.0'
host_alias=''
host_cpu='x86_64'
host_os='darwin11.4.0'
host_vendor='apple'
htmldir='${docdir}'
includedir='${prefix}/include'
infodir='${datarootdir}/info'
libdir='${exec_prefix}/lib'
libexecdir='${exec_prefix}/libexec'
localedir='${datarootdir}/locale'
localstatedir='${prefix}/var'
mandir='${datarootdir}/man'
oldincludedir='/usr/include'
pdfdir='${docdir}'
prefix='/usr/local'
program_transform_name='s,x,x,'
psdir='${docdir}'
sbindir='${exec_prefix}/sbin'
sharedstatedir='${prefix}/com'
sysconfdir='${prefix}/etc'
target_alias=''

## ----------- ##
## confdefs.h. ##
## ----------- ##

/* confdefs.h */
#define PACKAGE_NAME "CLM"
#define PACKAGE_TARNAME "clm"
#define PACKAGE_VERSION "4"
#define PACKAGE_STRING "CLM 4"
#define PACKAGE_BUGREPORT "bil@ccrma.stanford.edu"
#define PACKAGE_URL ""
#define STDC_HEADERS 1
#define HAVE_LIBM 1
#define HAVE_LIBC 1
#define HAVE_LIBDL 1
#define HAVE_SYS_TYPES_H 1
#define HAVE_SYS_STAT_H 1
#define HAVE_STDLIB_H 1
#define HAVE_STRING_H 1
#define HAVE_MEMORY_H 1
#define HAVE_STRINGS_H 1
#define HAVE_INTTYPES_H 1
#define HAVE_STDINT_H 1
#define HAVE_UNISTD_H 1
#define HAVE_FCNTL_H 1
#define HAVE_LIMITS_H 1
#define HAVE_UNISTD_H 1
#define HAVE_STRING_H 1
#define HAVE_STDBOOL_H 1
#define HAVE_LIBC_H 1
#define HAVE_PTHREAD_H 1
#define SIZEOF_OFF_T 8
#define SIZEOF_LONG 8
#define SIZEOF_LONG_LONG 8
#define SIZEOF_UNSIGNED_LONG_LONG 8
#define SIZEOF_UNSIGNED_LONG 8
#define SIZEOF_INTPTR_T 8
#define SIZEOF_VOID_P 8
#define SIZEOF_INT 4
#define SIZEOF_INT64_T 8
#define SIZEOF_SSIZE_T 8
#define HAVE_DECL_ISNAN 1
#define HAVE_DECL_ISINF 1
#define RETSIGTYPE void
#define HAVE_GETCWD 1
#define HAVE_STRERROR 1
#define HAVE_ACCESS 1
#define HAVE_VSNPRINTF 1
#define HAVE_SNPRINTF 1
#define HAVE_MEMMOVE 1
#define HAVE_STRDUP 1
#define HAVE_FILENO 1
#define HAVE_STRFTIME 1
#define HAVE_EXTENSION_LANGUAGE 0
#define HAVE_OSX 1
#define MUS_MAC_OSX 1
#define HAVE_AUDIODEVICEDESTROYIOPROCID 1
#define HAVE_KAUDIODEVICEPROPERTYTRANSPORTTYPE 1
#define HAVE_KLINEARPCMFORMATFLAGISNONINTERLEAVED 1

configure: exit 0
